<?xml version="1.0" encoding="UTF-8"?>
<!-- Generated by org.testng.reporters.JUnitReportReporter -->
<testsuite hostname="BGHMBCP1986" failures="0" tests="1" name="incubytedemo.incubytedemo.Composemail" time="15.629" errors="0" timestamp="2022-07-11T22:35:42 IST" skipped="0">
  <testcase classname="incubytedemo.incubytedemo.Composemail" name="test" time="15.629"/>
  <system-out/>
</testsuite> <!-- incubytedemo.incubytedemo.Composemail -->
